Using pre-set license
Built from '2020.3/staging' branch; Version is '2020.3.38f1 (8f5fde82e2dc) revision 9396190'; Using compiler version '192528614'; Build Type 'Release'
OS: 'Windows 11  (10.0.22621) 64bit Core' Language: 'en' Physical Memory: 16075 MB
BatchMode: 1, IsHumanControllingUs: 0, StartBugReporterOnCrash: 0, Is64bit: 1, IsPro: 0

COMMAND LINE ARGUMENTS:
C:\Program Files\Unity\Hub\Editor\2020.3.38f1\Editor\Unity.exe
-adb2
-batchMode
-noUpm
-name
AssetImportWorker0
-projectPath
C:/Users/yoshi/OneDrive/Desktop/GameScene/GameScene
-logFile
Logs/AssetImportWorker0.log
-srvPort
52024
Successfully changed project path to: C:/Users/yoshi/OneDrive/Desktop/GameScene/GameScene
C:/Users/yoshi/OneDrive/Desktop/GameScene/GameScene
Using Asset Import Pipeline V2.
Refreshing native plugins compatible for Editor in 49.17 ms, found 2 plugins.
Preloading 0 native plugins for Editor in 0.00 ms.
Initialize engine version: 2020.3.38f1 (8f5fde82e2dc)
[Subsystems] Discovering subsystems at path C:/Program Files/Unity/Hub/Editor/2020.3.38f1/Editor/Data/Resources/UnitySubsystems
[Subsystems] Discovering subsystems at path C:/Users/yoshi/OneDrive/Desktop/GameScene/GameScene/Assets
GfxDevice: creating device client; threaded=0
Direct3D:
    Version:  Direct3D 11.0 [level 11.1]
    Renderer: NVIDIA GeForce GTX 1650 Ti with Max-Q Design (ID=0x1f95)
    Vendor:   
    VRAM:     3962 MB
    Driver:   27.21.14.6259
Initialize mono
Mono path[0] = 'C:/Program Files/Unity/Hub/Editor/2020.3.38f1/Editor/Data/Managed'
Mono path[1] = 'C:/Program Files/Unity/Hub/Editor/2020.3.38f1/Editor/Data/MonoBleedingEdge/lib/mono/unityjit'
Mono config path = 'C:/Program Files/Unity/Hub/Editor/2020.3.38f1/Editor/Data/MonoBleedingEdge/etc'
Using monoOptions --debugger-agent=transport=dt_socket,embedding=1,server=y,suspend=n,address=127.0.0.1:56792
Begin MonoManager ReloadAssembly
Registering precompiled unity dll's ...
Register platform support module: C:/Program Files/Unity/Hub/Editor/2020.3.38f1/Editor/Data/PlaybackEngines/WindowsStandaloneSupport/UnityEditor.WindowsStandalone.Extensions.dll
Registered in 0.001153 seconds.
Native extension for WindowsStandalone target not found
Refreshing native plugins compatible for Editor in 43.36 ms, found 2 plugins.
Preloading 0 native plugins for Editor in 0.00 ms.
Mono: successfully reloaded assembly
- Completed reload, in  0.553 seconds
Domain Reload Profiling:
	ReloadAssembly (553ms)
		BeginReloadAssembly (67ms)
			ExecutionOrderSort (0ms)
			DisableScriptedObjects (0ms)
			BackupInstance (0ms)
			ReleaseScriptingObjects (0ms)
			CreateAndSetChildDomain (1ms)
		EndReloadAssembly (421ms)
			LoadAssemblies (65ms)
			RebuildTransferFunctionScriptingTraits (0ms)
			SetupTypeCache (146ms)
			ReleaseScriptCaches (0ms)
			RebuildScriptCaches (29ms)
			SetupLoadedEditorAssemblies (157ms)
				LogAssemblyErrors (0ms)
				InitializePlatformSupportModulesInManaged (4ms)
				SetLoadedEditorAssemblies (0ms)
				RefreshPlugins (43ms)
				BeforeProcessingInitializeOnLoad (13ms)
				ProcessInitializeOnLoadAttributes (72ms)
				ProcessInitializeOnLoadMethodAttributes (24ms)
				AfterProcessingInitializeOnLoad (0ms)
				EditorAssembliesLoaded (0ms)
			ExecutionOrderSort2 (0ms)
			AwakeInstancesAfterBackupRestoration (0ms)
Platform modules already initialized, skipping
Registering precompiled user dll's ...
Registered in 0.002251 seconds.
Begin MonoManager ReloadAssembly
Native extension for WindowsStandalone target not found
Refreshing native plugins compatible for Editor in 45.38 ms, found 2 plugins.
Preloading 0 native plugins for Editor in 0.00 ms.
Mono: successfully reloaded assembly
- Completed reload, in  1.021 seconds
Domain Reload Profiling:
	ReloadAssembly (1021ms)
		BeginReloadAssembly (132ms)
			ExecutionOrderSort (0ms)
			DisableScriptedObjects (3ms)
			BackupInstance (0ms)
			ReleaseScriptingObjects (0ms)
			CreateAndSetChildDomain (18ms)
		EndReloadAssembly (829ms)
			LoadAssemblies (93ms)
			RebuildTransferFunctionScriptingTraits (0ms)
			SetupTypeCache (293ms)
			ReleaseScriptCaches (0ms)
			RebuildScriptCaches (49ms)
			SetupLoadedEditorAssemblies (306ms)
				LogAssemblyErrors (0ms)
				InitializePlatformSupportModulesInManaged (3ms)
				SetLoadedEditorAssemblies (0ms)
				RefreshPlugins (45ms)
				BeforeProcessingInitializeOnLoad (75ms)
				ProcessInitializeOnLoadAttributes (163ms)
				ProcessInitializeOnLoadMethodAttributes (15ms)
				AfterProcessingInitializeOnLoad (4ms)
				EditorAssembliesLoaded (0ms)
			ExecutionOrderSort2 (0ms)
			AwakeInstancesAfterBackupRestoration (2ms)
Platform modules already initialized, skipping
========================================================================
Worker process is ready to serve import requests
Launched and connected shader compiler UnityShaderCompiler.exe after 0.05 seconds
Refreshing native plugins compatible for Editor in 0.84 ms, found 2 plugins.
Preloading 0 native plugins for Editor in 0.00 ms.
Unloading 2869 Unused Serialized files (Serialized files now loaded: 0)
System memory in use before: 148.7 MB.
System memory in use after: 148.9 MB.

Unloading 17 unused Assets to reduce memory usage. Loaded Objects now: 3330.
Total: 5.090000 ms (FindLiveObjects: 0.220500 ms CreateObjectMapping: 0.081100 ms MarkObjects: 4.648500 ms  DeleteObjects: 0.138300 ms)

AssetImportParameters requested are different than current active one (requested -> active):
  custom:framework-win-MediaFoundation: 216162199b28c13a410421893ffa2e32 -> 
  custom:video-decoder-ogg-theora: a1e56fd34408186e4bbccfd4996cb3dc -> 
  custom:container-muxer-webm: aa71ff27fc2769a1b78a27578f13a17b -> 
  custom:container-demuxer-webm: 4f35f7cbe854078d1ac9338744f61a02 -> 
  custom:container-demuxer-ogg: 62fdf1f143b41e24485cea50d1cbac27 -> 
  custom:video-encoder-webm-vp8: eb34c28f22e8b96e1ab97ce403110664 -> 
  custom:video-decoder-webm-vp8: 9c59270c3fd7afecdb556c50c9e8de78 -> 
  custom:audio-decoder-ogg-vorbis: bf7c407c2cedff20999df2af8eb42d56 -> 
  custom:audio-encoder-webm-vorbis: bf7c407c2cedff20999df2af8eb42d56 -> 
========================================================================
Received Import Request.
  path: Assets/Scenes
  artifactKey: Guid(07b56a011605b0b44938a9f3be96cc38) Importer(815301076,1909f56bfc062723c751e8b465ee728b)
Start importing Assets/Scenes using Guid(07b56a011605b0b44938a9f3be96cc38) Importer(815301076,1909f56bfc062723c751e8b465ee728b)  -> (artifact id: '5f0f622557bfc4e2d7a860490a7492d2') in 0.021908 seconds 
========================================================================
Received Import Request.
  Time since last request: 3.517615 seconds.
  path: Assets/Scenes/MarielyScene.unitypackage
  artifactKey: Guid(0a95592f73b1ca74fb1a4d8606388bbc) Importer(815301076,1909f56bfc062723c751e8b465ee728b)
Start importing Assets/Scenes/MarielyScene.unitypackage using Guid(0a95592f73b1ca74fb1a4d8606388bbc) Importer(815301076,1909f56bfc062723c751e8b465ee728b)  -> (artifact id: '0cd005599a539401c814520ffad1dbb5') in 0.044012 seconds 
========================================================================
Received Import Request.
  Time since last request: 25.232579 seconds.
  path: Assets/Scenes/GameScene.unity
  artifactKey: Guid(5a9f5ea56290ba24796cb5707c15b463) Importer(815301076,1909f56bfc062723c751e8b465ee728b)
Start importing Assets/Scenes/GameScene.unity using Guid(5a9f5ea56290ba24796cb5707c15b463) Importer(815301076,1909f56bfc062723c751e8b465ee728b)  -> (artifact id: '3974c2d29035628c3cf3ed1be4863084') in 0.013982 seconds 
========================================================================
Received Import Request.
  Time since last request: 56.218435 seconds.
  path: Assets/New Terrain.asset
  artifactKey: Guid(849b394b5212d98459b5a29fb7115445) Importer(815301076,1909f56bfc062723c751e8b465ee728b)
Start importing Assets/New Terrain.asset using Guid(849b394b5212d98459b5a29fb7115445) Importer(815301076,1909f56bfc062723c751e8b465ee728b)  -> (artifact id: '6d0fa8328d8c20e3dd155096d9ed1199') in 0.101058 seconds 
========================================================================
Received Import Request.
  Time since last request: 3.136140 seconds.
  path: Assets/DreamForestTree/Materials
  artifactKey: Guid(c44efdc47fb5d874eb3d547a71949d5e) Importer(815301076,1909f56bfc062723c751e8b465ee728b)
Start importing Assets/DreamForestTree/Materials using Guid(c44efdc47fb5d874eb3d547a71949d5e) Importer(815301076,1909f56bfc062723c751e8b465ee728b)  -> (artifact id: 'c3cbf748559ac56ada09c5170117495e') in 0.014888 seconds 
========================================================================
Received Import Request.
  Time since last request: 0.094645 seconds.
  path: Assets/DreamForestTree/Materials/bark 1.mat
  artifactKey: Guid(6b7f736d12caf9240b8e9b479342a281) Importer(815301076,1909f56bfc062723c751e8b465ee728b)
Start importing Assets/DreamForestTree/Materials/bark 1.mat using Guid(6b7f736d12caf9240b8e9b479342a281) Importer(815301076,1909f56bfc062723c751e8b465ee728b)  -> (artifact id: '44228d82445758b603185c7fa6062d77') in 0.227790 seconds 
========================================================================
Received Import Request.
  Time since last request: 0.000466 seconds.
  path: Assets/DreamForestTree/Materials/bark 2.mat
  artifactKey: Guid(cf69de7e1b41130409b70635b3e8092b) Importer(815301076,1909f56bfc062723c751e8b465ee728b)
Start importing Assets/DreamForestTree/Materials/bark 2.mat using Guid(cf69de7e1b41130409b70635b3e8092b) Importer(815301076,1909f56bfc062723c751e8b465ee728b)  -> (artifact id: '367b9ad780a2bd7cb59f89afed345268') in 0.036393 seconds 
========================================================================
Received Import Request.
  Time since last request: 0.000243 seconds.
  path: Assets/DreamForestTree/Materials/leaf.mat
  artifactKey: Guid(d4d7f49b9b732ca4584a061ff1e07bac) Importer(815301076,1909f56bfc062723c751e8b465ee728b)
Start importing Assets/DreamForestTree/Materials/leaf.mat using Guid(d4d7f49b9b732ca4584a061ff1e07bac) Importer(815301076,1909f56bfc062723c751e8b465ee728b)  -> (artifact id: '4e08b9c02f440f0ff02ca11a8c75529d') in 0.123082 seconds 
========================================================================
Received Import Request.
  Time since last request: 0.000309 seconds.
  path: Assets/DreamForestTree/Materials/ClearSky.mat
  artifactKey: Guid(6413a54c29d866642ac7511f59760dd5) Importer(815301076,1909f56bfc062723c751e8b465ee728b)
Start importing Assets/DreamForestTree/Materials/ClearSky.mat using Guid(6413a54c29d866642ac7511f59760dd5) Importer(815301076,1909f56bfc062723c751e8b465ee728b)  -> (artifact id: 'd1375717f821a49451e541835134bea1') in 0.032877 seconds 
========================================================================
Received Import Request.
  Time since last request: 0.000398 seconds.
  path: Assets/DreamForestTree/Materials/terrain.mat
  artifactKey: Guid(e3694e4eb82c06d4b8309907deac269a) Importer(815301076,1909f56bfc062723c751e8b465ee728b)
Start importing Assets/DreamForestTree/Materials/terrain.mat using Guid(e3694e4eb82c06d4b8309907deac269a) Importer(815301076,1909f56bfc062723c751e8b465ee728b)  -> (artifact id: '3a9865c31327b58cce99cda4f5fb284e') in 0.028856 seconds 
========================================================================
Received Import Request.
  Time since last request: 0.000675 seconds.
  path: Assets/DreamForestTree/Materials/water.mat
  artifactKey: Guid(5e990a13fe1bf22488921a73c2814e7d) Importer(815301076,1909f56bfc062723c751e8b465ee728b)
Start importing Assets/DreamForestTree/Materials/water.mat using Guid(5e990a13fe1bf22488921a73c2814e7d) Importer(815301076,1909f56bfc062723c751e8b465ee728b)  -> (artifact id: '41f05fa677bff841b751f1a13c30560e') in 0.332648 seconds 
========================================================================
Received Import Request.
  Time since last request: 0.000197 seconds.
  path: Assets/DreamForestTree/Materials/bush 1.mat
  artifactKey: Guid(fc65f1438bd63264788c8a5bbb97ddce) Importer(815301076,1909f56bfc062723c751e8b465ee728b)
Start importing Assets/DreamForestTree/Materials/bush 1.mat using Guid(fc65f1438bd63264788c8a5bbb97ddce) Importer(815301076,1909f56bfc062723c751e8b465ee728b)  -> (artifact id: 'c95bc7d8677147794813395be4b5dbfd') in 0.034416 seconds 
========================================================================
Received Import Request.
  Time since last request: 0.000594 seconds.
  path: Assets/DreamForestTree/Materials/bush 2.mat
  artifactKey: Guid(032ad1b94e27e1041a630e9862184942) Importer(815301076,1909f56bfc062723c751e8b465ee728b)
Start importing Assets/DreamForestTree/Materials/bush 2.mat using Guid(032ad1b94e27e1041a630e9862184942) Importer(815301076,1909f56bfc062723c751e8b465ee728b)  -> (artifact id: '9b595d10e96cb4c325830158901497ee') in 0.034644 seconds 
========================================================================
Received Import Request.
  Time since last request: 0.000229 seconds.
  path: Assets/DreamForestTree/Materials/No Name.mat
  artifactKey: Guid(c70ace258a62a9f4d8cedc70d51484a0) Importer(815301076,1909f56bfc062723c751e8b465ee728b)
Start importing Assets/DreamForestTree/Materials/No Name.mat using Guid(c70ace258a62a9f4d8cedc70d51484a0) Importer(815301076,1909f56bfc062723c751e8b465ee728b)  -> (artifact id: 'f12bfe0772bb790e11d856646dc49839') in 0.030023 seconds 
========================================================================
Received Import Request.
  Time since last request: 1.692947 seconds.
  path: Assets/DreamForestTree/Textures/Trees/Bark 1.psd
  artifactKey: Guid(2e590fb718397d345898d3466a34f388) Importer(815301076,1909f56bfc062723c751e8b465ee728b)
Start importing Assets/DreamForestTree/Textures/Trees/Bark 1.psd using Guid(2e590fb718397d345898d3466a34f388) Importer(815301076,1909f56bfc062723c751e8b465ee728b)  -> (artifact id: '3f63292a65d0ad02f54e6086e5f6e5cf') in 0.037864 seconds 
========================================================================
Received Import Request.
  Time since last request: 0.000407 seconds.
  path: Assets/DreamForestTree/Textures/Trees/Bark 1 N.psd
  artifactKey: Guid(a5884e30377ed0a45a18cca3365b29b4) Importer(815301076,1909f56bfc062723c751e8b465ee728b)
Start importing Assets/DreamForestTree/Textures/Trees/Bark 1 N.psd using Guid(a5884e30377ed0a45a18cca3365b29b4) Importer(815301076,1909f56bfc062723c751e8b465ee728b)  -> (artifact id: 'd1f2d3a0cd388b32218e74f737a0b029') in 0.054472 seconds 
========================================================================
Received Import Request.
  Time since last request: 192.809115 seconds.
  path: Assets/DreamForestTree/Materials/bark 1.mat
  artifactKey: Guid(6b7f736d12caf9240b8e9b479342a281) Importer(815301076,1909f56bfc062723c751e8b465ee728b)
Start importing Assets/DreamForestTree/Materials/bark 1.mat using Guid(6b7f736d12caf9240b8e9b479342a281) Importer(815301076,1909f56bfc062723c751e8b465ee728b)  -> (artifact id: '1ae49ad365105c9ab6057dafb081bd3a') in 0.049338 seconds 
========================================================================
Received Prepare
Registering precompiled user dll's ...
Registered in 0.004639 seconds.
Begin MonoManager ReloadAssembly
Native extension for WindowsStandalone target not found
Refreshing native plugins compatible for Editor in 0.59 ms, found 2 plugins.
Preloading 0 native plugins for Editor in 0.00 ms.
Mono: successfully reloaded assembly
- Completed reload, in  1.196 seconds
Domain Reload Profiling:
	ReloadAssembly (1196ms)
		BeginReloadAssembly (141ms)
			ExecutionOrderSort (0ms)
			DisableScriptedObjects (6ms)
			BackupInstance (0ms)
			ReleaseScriptingObjects (0ms)
			CreateAndSetChildDomain (32ms)
		EndReloadAssembly (1008ms)
			LoadAssemblies (105ms)
			RebuildTransferFunctionScriptingTraits (0ms)
			SetupTypeCache (362ms)
			ReleaseScriptCaches (1ms)
			RebuildScriptCaches (34ms)
			SetupLoadedEditorAssemblies (286ms)
				LogAssemblyErrors (0ms)
				InitializePlatformSupportModulesInManaged (3ms)
				SetLoadedEditorAssemblies (0ms)
				RefreshPlugins (1ms)
				BeforeProcessingInitializeOnLoad (85ms)
				ProcessInitializeOnLoadAttributes (176ms)
				ProcessInitializeOnLoadMethodAttributes (16ms)
				AfterProcessingInitializeOnLoad (5ms)
				EditorAssembliesLoaded (0ms)
			ExecutionOrderSort2 (0ms)
			AwakeInstancesAfterBackupRestoration (13ms)
Platform modules already initialized, skipping
Refreshing native plugins compatible for Editor in 1.00 ms, found 2 plugins.
Preloading 0 native plugins for Editor in 0.00 ms.
Unloading 2866 Unused Serialized files (Serialized files now loaded: 0)
System memory in use before: 157.0 MB.
System memory in use after: 155.3 MB.

Unloading 32 unused Assets to reduce memory usage. Loaded Objects now: 3515.
Total: 3.790200 ms (FindLiveObjects: 0.381400 ms CreateObjectMapping: 0.141900 ms MarkObjects: 2.698400 ms  DeleteObjects: 0.566600 ms)

AssetImportParameters requested are different than current active one (requested -> active):
  custom:framework-win-MediaFoundation: 216162199b28c13a410421893ffa2e32 -> 
  custom:video-decoder-ogg-theora: a1e56fd34408186e4bbccfd4996cb3dc -> 
  custom:container-muxer-webm: aa71ff27fc2769a1b78a27578f13a17b -> 
  custom:container-demuxer-webm: 4f35f7cbe854078d1ac9338744f61a02 -> 
  custom:container-demuxer-ogg: 62fdf1f143b41e24485cea50d1cbac27 -> 
  custom:video-encoder-webm-vp8: eb34c28f22e8b96e1ab97ce403110664 -> 
  custom:video-decoder-webm-vp8: 9c59270c3fd7afecdb556c50c9e8de78 -> 
  custom:audio-decoder-ogg-vorbis: bf7c407c2cedff20999df2af8eb42d56 -> 
  custom:audio-encoder-webm-vorbis: bf7c407c2cedff20999df2af8eb42d56 -> 
========================================================================
Received Import Request.
  Time since last request: 48.114711 seconds.
  path: Assets/DreamForestTree/Materials/ClearSky.psd
  artifactKey: Guid(89e2b7f3280404641834397619c38df4) Importer(815301076,1909f56bfc062723c751e8b465ee728b)
Start importing Assets/DreamForestTree/Materials/ClearSky.psd using Guid(89e2b7f3280404641834397619c38df4) Importer(815301076,1909f56bfc062723c751e8b465ee728b)  -> (artifact id: '066f196ebe951df204dc637ea9c97f07') in 0.447664 seconds 
========================================================================
Received Import Request.
  Time since last request: 0.000424 seconds.
  path: Assets/DreamForestTree/Materials/water.mat
  artifactKey: Guid(5e990a13fe1bf22488921a73c2814e7d) Importer(815301076,1909f56bfc062723c751e8b465ee728b)
Start importing Assets/DreamForestTree/Materials/water.mat using Guid(5e990a13fe1bf22488921a73c2814e7d) Importer(815301076,1909f56bfc062723c751e8b465ee728b)  -> (artifact id: '99b6acc82b861ded02303d418475a7cc') in 0.242494 seconds 
========================================================================
Received Import Request.
  Time since last request: 0.000274 seconds.
  path: Assets/DreamForestTree/Materials/No Name.mat
  artifactKey: Guid(c70ace258a62a9f4d8cedc70d51484a0) Importer(815301076,1909f56bfc062723c751e8b465ee728b)
Start importing Assets/DreamForestTree/Materials/No Name.mat using Guid(c70ace258a62a9f4d8cedc70d51484a0) Importer(815301076,1909f56bfc062723c751e8b465ee728b)  -> (artifact id: '332f9f0da9e8bf9e55363697a2bfe000') in 0.029986 seconds 
========================================================================
Received Prepare
Registering precompiled user dll's ...
Registered in 0.002110 seconds.
Begin MonoManager ReloadAssembly
Native extension for WindowsStandalone target not found
Refreshing native plugins compatible for Editor in 0.46 ms, found 2 plugins.
Preloading 0 native plugins for Editor in 0.00 ms.
Mono: successfully reloaded assembly
- Completed reload, in  0.782 seconds
Domain Reload Profiling:
	ReloadAssembly (783ms)
		BeginReloadAssembly (96ms)
			ExecutionOrderSort (0ms)
			DisableScriptedObjects (5ms)
			BackupInstance (0ms)
			ReleaseScriptingObjects (0ms)
			CreateAndSetChildDomain (32ms)
		EndReloadAssembly (646ms)
			LoadAssemblies (75ms)
			RebuildTransferFunctionScriptingTraits (0ms)
			SetupTypeCache (214ms)
			ReleaseScriptCaches (1ms)
			RebuildScriptCaches (32ms)
			SetupLoadedEditorAssemblies (233ms)
				LogAssemblyErrors (0ms)
				InitializePlatformSupportModulesInManaged (2ms)
				SetLoadedEditorAssemblies (0ms)
				RefreshPlugins (1ms)
				BeforeProcessingInitializeOnLoad (65ms)
				ProcessInitializeOnLoadAttributes (152ms)
				ProcessInitializeOnLoadMethodAttributes (10ms)
				AfterProcessingInitializeOnLoad (3ms)
				EditorAssembliesLoaded (0ms)
			ExecutionOrderSort2 (0ms)
			AwakeInstancesAfterBackupRestoration (8ms)
Platform modules already initialized, skipping
Refreshing native plugins compatible for Editor in 0.55 ms, found 2 plugins.
Preloading 0 native plugins for Editor in 0.00 ms.
Unloading 2863 Unused Serialized files (Serialized files now loaded: 0)
System memory in use before: 156.9 MB.
System memory in use after: 155.2 MB.

Unloading 32 unused Assets to reduce memory usage. Loaded Objects now: 3559.
Total: 3.667600 ms (FindLiveObjects: 0.283600 ms CreateObjectMapping: 0.129200 ms MarkObjects: 2.618600 ms  DeleteObjects: 0.635100 ms)

AssetImportParameters requested are different than current active one (requested -> active):
  custom:framework-win-MediaFoundation: 216162199b28c13a410421893ffa2e32 -> 
  custom:video-decoder-ogg-theora: a1e56fd34408186e4bbccfd4996cb3dc -> 
  custom:container-muxer-webm: aa71ff27fc2769a1b78a27578f13a17b -> 
  custom:container-demuxer-webm: 4f35f7cbe854078d1ac9338744f61a02 -> 
  custom:container-demuxer-ogg: 62fdf1f143b41e24485cea50d1cbac27 -> 
  custom:video-encoder-webm-vp8: eb34c28f22e8b96e1ab97ce403110664 -> 
  custom:video-decoder-webm-vp8: 9c59270c3fd7afecdb556c50c9e8de78 -> 
  custom:audio-decoder-ogg-vorbis: bf7c407c2cedff20999df2af8eb42d56 -> 
  custom:audio-encoder-webm-vorbis: bf7c407c2cedff20999df2af8eb42d56 -> 
========================================================================
Received Import Request.
  Time since last request: 283.844658 seconds.
  path: Assets/DreamForestTree/Textures/Ground/Ground 1.psd
  artifactKey: Guid(38d6a13a3b047fe4ea696f11f4976f73) Importer(815301076,1909f56bfc062723c751e8b465ee728b)
Start importing Assets/DreamForestTree/Textures/Ground/Ground 1.psd using Guid(38d6a13a3b047fe4ea696f11f4976f73) Importer(815301076,1909f56bfc062723c751e8b465ee728b)  -> (artifact id: '263241e9637a63e39af6ea7290f67942') in 0.056313 seconds 
========================================================================
Received Import Request.
  Time since last request: 2.665201 seconds.
  path: Assets/Materials/summingcircle/NewLayer 1.terrainlayer
  artifactKey: Guid(5700ae0b7ea47d54a87cd6b31dbefa81) Importer(815301076,1909f56bfc062723c751e8b465ee728b)
Start importing Assets/Materials/summingcircle/NewLayer 1.terrainlayer using Guid(5700ae0b7ea47d54a87cd6b31dbefa81) Importer(815301076,1909f56bfc062723c751e8b465ee728b)  -> (artifact id: '1a352f3655ece41664baa8ba5bd644be') in 0.034546 seconds 
========================================================================
Received Import Request.
  Time since last request: 107.762065 seconds.
  path: Assets/DreamForestTree/demoUIcanvas.prefab
  artifactKey: Guid(01a5a386ebfa7284dbbb737167f06b9d) Importer(815301076,1909f56bfc062723c751e8b465ee728b)
Start importing Assets/DreamForestTree/demoUIcanvas.prefab using Guid(01a5a386ebfa7284dbbb737167f06b9d) Importer(815301076,1909f56bfc062723c751e8b465ee728b)  -> (artifact id: 'c4962ddb33b0d9bb4c9e440e36549776') in 0.040615 seconds 
========================================================================
Received Import Request.
  Time since last request: 32.842185 seconds.
  path: Assets/Materials/Sky/10631-starry-sky-stars-space-dark-astronomy-4k.jpg
  artifactKey: Guid(3de7ec664e58c7c4ca905102673c3434) Importer(815301076,1909f56bfc062723c751e8b465ee728b)
Start importing Assets/Materials/Sky/10631-starry-sky-stars-space-dark-astronomy-4k.jpg using Guid(3de7ec664e58c7c4ca905102673c3434) Importer(815301076,1909f56bfc062723c751e8b465ee728b)  -> (artifact id: '9f2543d0fca9bc701742ff583262a45d') in 0.079455 seconds 
========================================================================
Received Import Request.
  Time since last request: 0.000554 seconds.
  path: Assets/laxer tree pkg/Textures/bark pine wh.png
  artifactKey: Guid(a0ee16bfb2caadb49a6c4dd528026e43) Importer(815301076,1909f56bfc062723c751e8b465ee728b)
Start importing Assets/laxer tree pkg/Textures/bark pine wh.png using Guid(a0ee16bfb2caadb49a6c4dd528026e43) Importer(815301076,1909f56bfc062723c751e8b465ee728b)  -> (artifact id: 'acbaeed127b4b5104558fc1f84550b60') in 0.028001 seconds 
========================================================================
Received Import Request.
  Time since last request: 0.000785 seconds.
  path: Packages/com.unity.render-pipelines.core/Editor/Resources/Advanced_UnPressed_mini.png
  artifactKey: Guid(ad4dcac393f63f3468f6d9ff1652732e) Importer(815301076,1909f56bfc062723c751e8b465ee728b)
Start importing Packages/com.unity.render-pipelines.core/Editor/Resources/Advanced_UnPressed_mini.png using Guid(ad4dcac393f63f3468f6d9ff1652732e) Importer(815301076,1909f56bfc062723c751e8b465ee728b)  -> (artifact id: '824a3f7959c05293dcec6f7055b7da08') in 0.059517 seconds 
========================================================================
Received Import Request.
  Time since last request: 0.000256 seconds.
  path: Assets/laxer tree pkg/Textures/ast4.png
  artifactKey: Guid(3b8d65f128cc7484a9c14ba4d91ea50d) Importer(815301076,1909f56bfc062723c751e8b465ee728b)
Start importing Assets/laxer tree pkg/Textures/ast4.png using Guid(3b8d65f128cc7484a9c14ba4d91ea50d) Importer(815301076,1909f56bfc062723c751e8b465ee728b)  -> (artifact id: '1933dbec94d9aa3cad3b427c1f810243') in 0.023872 seconds 
========================================================================
Received Import Request.
  Time since last request: 0.000394 seconds.
  path: Packages/com.unity.render-pipelines.core/Editor/LookDev/Icons/Add.png
  artifactKey: Guid(cbaeed03e5416aa4bae23110b63a0c7d) Importer(815301076,1909f56bfc062723c751e8b465ee728b)
Start importing Packages/com.unity.render-pipelines.core/Editor/LookDev/Icons/Add.png using Guid(cbaeed03e5416aa4bae23110b63a0c7d) Importer(815301076,1909f56bfc062723c751e8b465ee728b)  -> (artifact id: '9ddbc55a7fa6ebc7af31a2403f7d1081') in 0.037963 seconds 
========================================================================
Received Import Request.
  Time since last request: 0.000381 seconds.
  path: Assets/laxer tree pkg/Textures/ast3.png
  artifactKey: Guid(d27897795cf19c047a586837b4201ce5) Importer(815301076,1909f56bfc062723c751e8b465ee728b)
Start importing Assets/laxer tree pkg/Textures/ast3.png using Guid(d27897795cf19c047a586837b4201ce5) Importer(815301076,1909f56bfc062723c751e8b465ee728b)  -> (artifact id: '83cd44a39a703b25f354baad1493419e') in 0.025721 seconds 
========================================================================
Received Import Request.
  Time since last request: 0.000897 seconds.
  path: Assets/laxer tree pkg/Textures/ast5.png
  artifactKey: Guid(182472b00808f914fa8dc807ff58b574) Importer(815301076,1909f56bfc062723c751e8b465ee728b)
Start importing Assets/laxer tree pkg/Textures/ast5.png using Guid(182472b00808f914fa8dc807ff58b574) Importer(815301076,1909f56bfc062723c751e8b465ee728b)  -> (artifact id: '54ca6f72b32dfb70fdba52d0ffc7f27b') in 0.027341 seconds 
========================================================================
Received Import Request.
  Time since last request: 0.000411 seconds.
  path: Assets/laxer tree pkg/Textures/bark pine.png
  artifactKey: Guid(5acaa997b6100fb47b024c69aeb52788) Importer(815301076,1909f56bfc062723c751e8b465ee728b)
Start importing Assets/laxer tree pkg/Textures/bark pine.png using Guid(5acaa997b6100fb47b024c69aeb52788) Importer(815301076,1909f56bfc062723c751e8b465ee728b)  -> (artifact id: '794de197c9d1d38cfdf08c66eeb0a34e') in 0.028638 seconds 
========================================================================
Received Import Request.
  Time since last request: 0.000262 seconds.
  path: Packages/com.unity.collab-proxy/Editor/Collaborate/Assets/Icons/back-light@2x.png
  artifactKey: Guid(f5c57327df0fa294c8209aa216435167) Importer(815301076,1909f56bfc062723c751e8b465ee728b)
Start importing Packages/com.unity.collab-proxy/Editor/Collaborate/Assets/Icons/back-light@2x.png using Guid(f5c57327df0fa294c8209aa216435167) Importer(815301076,1909f56bfc062723c751e8b465ee728b)  -> (artifact id: '00075f374ddc9a0a93a3e5661e6895f7') in 0.040797 seconds 
========================================================================
Received Import Request.
  Time since last request: 0.000401 seconds.
  path: Assets/Materials/summingcircle/a1844143057_10.jpg
  artifactKey: Guid(8579c383a499e9846a2b3b3a9ed9e102) Importer(815301076,1909f56bfc062723c751e8b465ee728b)
Start importing Assets/Materials/summingcircle/a1844143057_10.jpg using Guid(8579c383a499e9846a2b3b3a9ed9e102) Importer(815301076,1909f56bfc062723c751e8b465ee728b)  -> (artifact id: '69d53b1145e3d41b1ac2ccebbf643ddb') in 0.027613 seconds 
========================================================================
Received Import Request.
  Time since last request: 0.000435 seconds.
  path: Packages/com.unity.collab-proxy/Editor/Collaborate/Assets/Icons/back-dark.png
  artifactKey: Guid(8e3ec2dfd58b79842aa78376678a9a05) Importer(815301076,1909f56bfc062723c751e8b465ee728b)
Start importing Packages/com.unity.collab-proxy/Editor/Collaborate/Assets/Icons/back-dark.png using Guid(8e3ec2dfd58b79842aa78376678a9a05) Importer(815301076,1909f56bfc062723c751e8b465ee728b)  -> (artifact id: '34683126e79aa3324a3ec876e17ae0fb') in 0.032704 seconds 
========================================================================
Received Import Request.
  Time since last request: 0.000405 seconds.
  path: Packages/com.unity.render-pipelines.core/Editor/LookDev/Icons/Add@2x.png
  artifactKey: Guid(79aba0b290c471c4ba3d3f818d4e9b15) Importer(815301076,1909f56bfc062723c751e8b465ee728b)
Start importing Packages/com.unity.render-pipelines.core/Editor/LookDev/Icons/Add@2x.png using Guid(79aba0b290c471c4ba3d3f818d4e9b15) Importer(815301076,1909f56bfc062723c751e8b465ee728b)  -> (artifact id: '23e001685b96f4c6ff202aa63c431c01') in 0.038343 seconds 
========================================================================
Received Import Request.
  Time since last request: 0.000192 seconds.
  path: Assets/DreamForestTree/Textures/Trees/Bark 2 N.psd
  artifactKey: Guid(f08221096a97744419c55f1266293ae5) Importer(815301076,1909f56bfc062723c751e8b465ee728b)
Start importing Assets/DreamForestTree/Textures/Trees/Bark 2 N.psd using Guid(f08221096a97744419c55f1266293ae5) Importer(815301076,1909f56bfc062723c751e8b465ee728b)  -> (artifact id: '3db006500232a9ff76f7ddd99ac669de') in 0.026977 seconds 
========================================================================
Received Import Request.
  Time since last request: 0.000562 seconds.
  path: Packages/com.unity.collab-proxy/Editor/Collaborate/Assets/Icons/added-file-dark.png
  artifactKey: Guid(1a4f52b613391cd449af3ad2e44affeb) Importer(815301076,1909f56bfc062723c751e8b465ee728b)
Start importing Packages/com.unity.collab-proxy/Editor/Collaborate/Assets/Icons/added-file-dark.png using Guid(1a4f52b613391cd449af3ad2e44affeb) Importer(815301076,1909f56bfc062723c751e8b465ee728b)  -> (artifact id: '07815d16a56498876d66a308e31ea411') in 0.035061 seconds 
========================================================================
Received Import Request.
  Time since last request: 0.000289 seconds.
  path: Packages/com.unity.collab-proxy/Editor/Collaborate/Assets/Icons/back-dark@2x.png
  artifactKey: Guid(9c6313a5316f8a34b852bf94ff96e3ab) Importer(815301076,1909f56bfc062723c751e8b465ee728b)
Start importing Packages/com.unity.collab-proxy/Editor/Collaborate/Assets/Icons/back-dark@2x.png using Guid(9c6313a5316f8a34b852bf94ff96e3ab) Importer(815301076,1909f56bfc062723c751e8b465ee728b)  -> (artifact id: '46053b29fd3cb5d4fa2e05a9e08d0f8a') in 0.039753 seconds 
========================================================================
Received Import Request.
  Time since last request: 0.000407 seconds.
  path: Packages/com.unity.collab-proxy/Editor/Collaborate/Assets/Icons/added-file-dark@2x.png
  artifactKey: Guid(c223e0c507e2c6549a2cb97441b62cbe) Importer(815301076,1909f56bfc062723c751e8b465ee728b)
Start importing Packages/com.unity.collab-proxy/Editor/Collaborate/Assets/Icons/added-file-dark@2x.png using Guid(c223e0c507e2c6549a2cb97441b62cbe) Importer(815301076,1909f56bfc062723c751e8b465ee728b)  -> (artifact id: '51c4d5cf8a9d72b4ee3ea0fb101bbf05') in 0.038659 seconds 
========================================================================
Received Import Request.
  Time since last request: 0.000265 seconds.
  path: Packages/com.unity.collab-proxy/Editor/Collaborate/Assets/Icons/added-file-light@2x.png
  artifactKey: Guid(ec2e3aa6d0ab8ce4eac29b56d65d61d5) Importer(815301076,1909f56bfc062723c751e8b465ee728b)
Start importing Packages/com.unity.collab-proxy/Editor/Collaborate/Assets/Icons/added-file-light@2x.png using Guid(ec2e3aa6d0ab8ce4eac29b56d65d61d5) Importer(815301076,1909f56bfc062723c751e8b465ee728b)  -> (artifact id: 'fd950e404f75faac6c3dc4e0755c78ab') in 0.036698 seconds 
========================================================================
Received Import Request.
  Time since last request: 0.000257 seconds.
  path: Assets/DreamForestTree/Textures/Trees/Bark 2.psd
  artifactKey: Guid(1a3df453886534b47a4f53833e187bea) Importer(815301076,1909f56bfc062723c751e8b465ee728b)
Start importing Assets/DreamForestTree/Textures/Trees/Bark 2.psd using Guid(1a3df453886534b47a4f53833e187bea) Importer(815301076,1909f56bfc062723c751e8b465ee728b)  -> (artifact id: '7fc562dee24f991f3b380fe45b3490a2') in 0.026131 seconds 
========================================================================
Received Import Request.
  Time since last request: 0.000279 seconds.
  path: Packages/com.unity.render-pipelines.core/Editor/Resources/Advanced_Pressed_mini.png
  artifactKey: Guid(3e471b9fad7264146aa03aca58b27957) Importer(815301076,1909f56bfc062723c751e8b465ee728b)
Start importing Packages/com.unity.render-pipelines.core/Editor/Resources/Advanced_Pressed_mini.png using Guid(3e471b9fad7264146aa03aca58b27957) Importer(815301076,1909f56bfc062723c751e8b465ee728b)  -> (artifact id: '0c12401fded438d1731fa53cb63d56b9') in 0.039667 seconds 
========================================================================
Received Import Request.
  Time since last request: 0.000239 seconds.
  path: Packages/com.unity.collab-proxy/Editor/Collaborate/Assets/Icons/back-light.png
  artifactKey: Guid(e676ab7aa99535447a763c9f88bf9260) Importer(815301076,1909f56bfc062723c751e8b465ee728b)
Start importing Packages/com.unity.collab-proxy/Editor/Collaborate/Assets/Icons/back-light.png using Guid(e676ab7aa99535447a763c9f88bf9260) Importer(815301076,1909f56bfc062723c751e8b465ee728b)  -> (artifact id: '45c5dcb31230e1874f4b9fb0ef15177b') in 0.037945 seconds 
========================================================================
Received Import Request.
  Time since last request: 0.000184 seconds.
  path: Assets/laxer tree pkg/Textures/bark.png
  artifactKey: Guid(8875beb1e4179154eb0ce892639eb118) Importer(815301076,1909f56bfc062723c751e8b465ee728b)
Start importing Assets/laxer tree pkg/Textures/bark.png using Guid(8875beb1e4179154eb0ce892639eb118) Importer(815301076,1909f56bfc062723c751e8b465ee728b)  -> (artifact id: '4b810ad3be612fe649bdc0444912fd4b') in 0.022330 seconds 
========================================================================
Received Import Request.
  Time since last request: 0.000282 seconds.
  path: Packages/com.unity.render-pipelines.universal/Textures/SMAA/AreaTex.tga
  artifactKey: Guid(d1f1048909d55cd4fa1126ab998f617e) Importer(815301076,1909f56bfc062723c751e8b465ee728b)
Start importing Packages/com.unity.render-pipelines.universal/Textures/SMAA/AreaTex.tga using Guid(d1f1048909d55cd4fa1126ab998f617e) Importer(815301076,1909f56bfc062723c751e8b465ee728b)  -> (artifact id: 'd62706d4da282aa35d8d651c74cf7538') in 0.027347 seconds 
========================================================================
Received Import Request.
  Time since last request: 0.000256 seconds.
  path: Packages/com.unity.collab-proxy/Editor/Collaborate/Assets/Icons/added-file-light.png
  artifactKey: Guid(397fff6c3885f8343bb65714f0064b5d) Importer(815301076,1909f56bfc062723c751e8b465ee728b)
Start importing Packages/com.unity.collab-proxy/Editor/Collaborate/Assets/Icons/added-file-light.png using Guid(397fff6c3885f8343bb65714f0064b5d) Importer(815301076,1909f56bfc062723c751e8b465ee728b)  -> (artifact id: 'f6b88622df3119ba880c8e9b3d66d3b0') in 0.035956 seconds 
========================================================================
Received Import Request.
  Time since last request: 1.705330 seconds.
  path: Packages/com.unity.shadergraph/Editor/Resources/GraphView/Nodes/BlackboardFieldPillBackground.png
  artifactKey: Guid(56603bbe7a2b54640bbd90104bea4981) Importer(815301076,1909f56bfc062723c751e8b465ee728b)
Start importing Packages/com.unity.shadergraph/Editor/Resources/GraphView/Nodes/BlackboardFieldPillBackground.png using Guid(56603bbe7a2b54640bbd90104bea4981) Importer(815301076,1909f56bfc062723c751e8b465ee728b)  -> (artifact id: '964828bf4ffbd3a1c88a777c76d35451') in 0.036351 seconds 
========================================================================
Received Import Request.
  Time since last request: 0.000437 seconds.
  path: Assets/DreamForestTree/Textures/Ground/Grass 3 N.psd
  artifactKey: Guid(235294f1608e77747a13fe9f9e7cffc7) Importer(815301076,1909f56bfc062723c751e8b465ee728b)
Start importing Assets/DreamForestTree/Textures/Ground/Grass 3 N.psd using Guid(235294f1608e77747a13fe9f9e7cffc7) Importer(815301076,1909f56bfc062723c751e8b465ee728b)  -> (artifact id: '3370e107e5f7195eb30a1b1408c5959b') in 0.026634 seconds 
========================================================================
Received Import Request.
  Time since last request: 0.000334 seconds.
  path: Packages/com.unity.collab-proxy/Editor/Collaborate/Assets/Icons/collaborate-progress-light@2x.png
  artifactKey: Guid(ae9e7828f0813b04fbe3f839422b2289) Importer(815301076,1909f56bfc062723c751e8b465ee728b)
Start importing Packages/com.unity.collab-proxy/Editor/Collaborate/Assets/Icons/collaborate-progress-light@2x.png using Guid(ae9e7828f0813b04fbe3f839422b2289) Importer(815301076,1909f56bfc062723c751e8b465ee728b)  -> (artifact id: '8fc3eceae68224aa41fa552490b18222') in 0.038340 seconds 
========================================================================
Received Import Request.
  Time since last request: 0.000700 seconds.
  path: Packages/com.unity.collab-proxy/Editor/PlasticSCM/Assets/Images/d_iconemptygravatar@2x.png
  artifactKey: Guid(0ac55f9f886d827408c102bdf33c5ff7) Importer(815301076,1909f56bfc062723c751e8b465ee728b)
Start importing Packages/com.unity.collab-proxy/Editor/PlasticSCM/Assets/Images/d_iconemptygravatar@2x.png using Guid(0ac55f9f886d827408c102bdf33c5ff7) Importer(815301076,1909f56bfc062723c751e8b465ee728b)  -> (artifact id: '5365f0baba29698cb6d2c29b62cb4568') in 0.039229 seconds 
========================================================================
Received Import Request.
  Time since last request: 0.000321 seconds.
  path: Assets/DreamForestTree/Textures/Ground/Rock Grs 2.psd
  artifactKey: Guid(60f7afa6d7b152047a511ec0992a1457) Importer(815301076,1909f56bfc062723c751e8b465ee728b)
Start importing Assets/DreamForestTree/Textures/Ground/Rock Grs 2.psd using Guid(60f7afa6d7b152047a511ec0992a1457) Importer(815301076,1909f56bfc062723c751e8b465ee728b)  -> (artifact id: '6a149d2414eb0ad07417a4bd2e754aef') in 0.043003 seconds 
========================================================================
Received Import Request.
  Time since last request: 0.000404 seconds.
  path: Assets/DreamForestTree/Textures/Grass/grass plant 4.png
  artifactKey: Guid(c7abd6e6162ed0141870c5c748173ecb) Importer(815301076,1909f56bfc062723c751e8b465ee728b)
Start importing Assets/DreamForestTree/Textures/Grass/grass plant 4.png using Guid(c7abd6e6162ed0141870c5c748173ecb) Importer(815301076,1909f56bfc062723c751e8b465ee728b)  -> (artifact id: '693f608e9c9ec65a76a58f3200fcc604') in 0.025096 seconds 
========================================================================
Received Import Request.
  Time since last request: 0.000313 seconds.
  path: Packages/com.unity.shadergraph/Editor/Resources/Icons/sg_graph_icon_gray_light@16.png
  artifactKey: Guid(7d62654fc399cc349a1ed7e0eab44ff0) Importer(815301076,1909f56bfc062723c751e8b465ee728b)
Start importing Packages/com.unity.shadergraph/Editor/Resources/Icons/sg_graph_icon_gray_light@16.png using Guid(7d62654fc399cc349a1ed7e0eab44ff0) Importer(815301076,1909f56bfc062723c751e8b465ee728b)  -> (artifact id: 'f0cc9cca27ec8a5cdcfc0597b286313b') in 0.037080 seconds 
========================================================================
Received Import Request.
  Time since last request: 0.000408 seconds.
  path: Assets/DreamForestTree/Textures/Grass/grass plant 2.png
  artifactKey: Guid(2e2aeb89009e08c479cf2903fc8fa276) Importer(815301076,1909f56bfc062723c751e8b465ee728b)
Start importing Assets/DreamForestTree/Textures/Grass/grass plant 2.png using Guid(2e2aeb89009e08c479cf2903fc8fa276) Importer(815301076,1909f56bfc062723c751e8b465ee728b)  -> (artifact id: 'd691b55b582d67567b1e5b16f60a3704') in 0.034676 seconds 
========================================================================
Received Import Request.
  Time since last request: 0.000484 seconds.
  path: Assets/DreamForestTree/Textures/Ground/Ground 1 N.psd
  artifactKey: Guid(a1fb8480cd1b30448a52e6df95f69224) Importer(815301076,1909f56bfc062723c751e8b465ee728b)
Start importing Assets/DreamForestTree/Textures/Ground/Ground 1 N.psd using Guid(a1fb8480cd1b30448a52e6df95f69224) Importer(815301076,1909f56bfc062723c751e8b465ee728b)  -> (artifact id: 'f3ae6224a7325f273fd9f7b4cc7c88d1') in 0.027167 seconds 
========================================================================
Received Import Request.
  Time since last request: 0.000475 seconds.
  path: Assets/DreamForestTree/Textures/Grass/grass plant 3.png
  artifactKey: Guid(2eace3a6a0d7102448747a73ea654913) Importer(815301076,1909f56bfc062723c751e8b465ee728b)
Start importing Assets/DreamForestTree/Textures/Grass/grass plant 3.png using Guid(2eace3a6a0d7102448747a73ea654913) Importer(815301076,1909f56bfc062723c751e8b465ee728b)  -> (artifact id: '800bf21f913f9ea9f69c227b5c552a60') in 0.023808 seconds 
========================================================================
Received Import Request.
  Time since last request: 0.000454 seconds.
  path: Assets/DreamForestTree/Shaft/gradient.psd
  artifactKey: Guid(06d9cb954198bce479449d2680a54279) Importer(815301076,1909f56bfc062723c751e8b465ee728b)
Start importing Assets/DreamForestTree/Shaft/gradient.psd using Guid(06d9cb954198bce479449d2680a54279) Importer(815301076,1909f56bfc062723c751e8b465ee728b)  -> (artifact id: '226e6b030a98a1def326de415615295b') in 0.027197 seconds 
========================================================================
Received Import Request.
  Time since last request: 0.000505 seconds.
  path: Assets/DreamForestTree/Textures/Grass/grass plant 1.png
  artifactKey: Guid(0705cfa7ef11ef4438997bbfd18fdbd1) Importer(815301076,1909f56bfc062723c751e8b465ee728b)
Start importing Assets/DreamForestTree/Textures/Grass/grass plant 1.png using Guid(0705cfa7ef11ef4438997bbfd18fdbd1) Importer(815301076,1909f56bfc062723c751e8b465ee728b)  -> (artifact id: '0003dc04ab9608fb73f36b95f2508dca') in 0.023641 seconds 
========================================================================
Received Import Request.
  Time since last request: 0.000397 seconds.
  path: Assets/DreamForestTree/Textures/Ground/Grass 3.psd
  artifactKey: Guid(656afd8e9942c0846bd3cb51c33e7cd2) Importer(815301076,1909f56bfc062723c751e8b465ee728b)
Start importing Assets/DreamForestTree/Textures/Ground/Grass 3.psd using Guid(656afd8e9942c0846bd3cb51c33e7cd2) Importer(815301076,1909f56bfc062723c751e8b465ee728b)  -> (artifact id: '1d40177a08cbbc067df662f1780c1f0f') in 0.022572 seconds 
========================================================================
Received Import Request.
  Time since last request: 0.000413 seconds.
  path: Packages/com.unity.collab-proxy/Editor/Collaborate/Assets/Icons/collaborate-progress-dark.png
  artifactKey: Guid(60706f973daf4764e81c846ce1a8e183) Importer(815301076,1909f56bfc062723c751e8b465ee728b)
Start importing Packages/com.unity.collab-proxy/Editor/Collaborate/Assets/Icons/collaborate-progress-dark.png using Guid(60706f973daf4764e81c846ce1a8e183) Importer(815301076,1909f56bfc062723c751e8b465ee728b)  -> (artifact id: 'e9ba6c4b7abb2ac62b7a1e6318bfd1ed') in 0.038736 seconds 
========================================================================
Received Import Request.
  Time since last request: 0.000570 seconds.
  path: Assets/DreamForestTree/Textures/Ground/Grass 1.psd
  artifactKey: Guid(94685254be8a058428103d739877166a) Importer(815301076,1909f56bfc062723c751e8b465ee728b)
Start importing Assets/DreamForestTree/Textures/Ground/Grass 1.psd using Guid(94685254be8a058428103d739877166a) Importer(815301076,1909f56bfc062723c751e8b465ee728b)  -> (artifact id: '8edc783386c74493886ce124bf24aed9') in 0.022034 seconds 
========================================================================
Received Import Request.
  Time since last request: 0.000334 seconds.
  path: Packages/com.unity.shadergraph/Editor/Resources/Icons/sg_graph_icon_gray_dark@16.png
  artifactKey: Guid(7129268cf102b2f45809905bcb27ce8b) Importer(815301076,1909f56bfc062723c751e8b465ee728b)
Start importing Packages/com.unity.shadergraph/Editor/Resources/Icons/sg_graph_icon_gray_dark@16.png using Guid(7129268cf102b2f45809905bcb27ce8b) Importer(815301076,1909f56bfc062723c751e8b465ee728b)  -> (artifact id: '3ec8d19e808df8cbd7ab84d38cccb046') in 0.039170 seconds 
========================================================================
Received Import Request.
  Time since last request: 0.000190 seconds.
  path: Packages/com.unity.collab-proxy/Editor/PlasticSCM/Assets/Images/iconemptygravatar.png
  artifactKey: Guid(91976e8b9ce0f0341838727acd55621c) Importer(815301076,1909f56bfc062723c751e8b465ee728b)
Start importing Packages/com.unity.collab-proxy/Editor/PlasticSCM/Assets/Images/iconemptygravatar.png using Guid(91976e8b9ce0f0341838727acd55621c) Importer(815301076,1909f56bfc062723c751e8b465ee728b)  -> (artifact id: 'be6b0b3afc4b9ccf3773b018458245ca') in 0.037531 seconds 
========================================================================
Received Import Request.
  Time since last request: 0.000269 seconds.
  path: Packages/com.unity.collab-proxy/Editor/PlasticSCM/Assets/Images/d_iconemptygravatar.png
  artifactKey: Guid(9aebd705574f9e642aef1e5f59b3e4d8) Importer(815301076,1909f56bfc062723c751e8b465ee728b)
Start importing Packages/com.unity.collab-proxy/Editor/PlasticSCM/Assets/Images/d_iconemptygravatar.png using Guid(9aebd705574f9e642aef1e5f59b3e4d8) Importer(815301076,1909f56bfc062723c751e8b465ee728b)  -> (artifact id: '6511f632a339e233eaa7185a89d7f3fe') in 0.043288 seconds 
========================================================================
Received Import Request.
  Time since last request: 0.000368 seconds.
  path: Packages/com.unity.shadergraph/Editor/Resources/Icons/sg_graph_icon@64.png
  artifactKey: Guid(170afdc32bbba284e8d0740a464b9fbd) Importer(815301076,1909f56bfc062723c751e8b465ee728b)
Start importing Packages/com.unity.shadergraph/Editor/Resources/Icons/sg_graph_icon@64.png using Guid(170afdc32bbba284e8d0740a464b9fbd) Importer(815301076,1909f56bfc062723c751e8b465ee728b)  -> (artifact id: '2d03eccc81a70e359216a81c13d57f1b') in 0.016324 seconds 
========================================================================
Received Import Request.
  Time since last request: 0.000267 seconds.
  path: Packages/com.unity.collab-proxy/Editor/Collaborate/Assets/Icons/collaborate-progress-light.png
  artifactKey: Guid(98eea3a123f8b4c468b7e43d0ff3c232) Importer(815301076,1909f56bfc062723c751e8b465ee728b)
Start importing Packages/com.unity.collab-proxy/Editor/Collaborate/Assets/Icons/collaborate-progress-light.png using Guid(98eea3a123f8b4c468b7e43d0ff3c232) Importer(815301076,1909f56bfc062723c751e8b465ee728b)  -> (artifact id: '718b12ec6741c734aee31b170b71bf0c') in 0.036395 seconds 
========================================================================
Received Import Request.
  Time since last request: 0.000377 seconds.
  path: Assets/DreamForestTree/Textures/Ground/Grass 1 N.psd
  artifactKey: Guid(cd0df4b4b7ec579499800f972de7875c) Importer(815301076,1909f56bfc062723c751e8b465ee728b)
Start importing Assets/DreamForestTree/Textures/Ground/Grass 1 N.psd using Guid(cd0df4b4b7ec579499800f972de7875c) Importer(815301076,1909f56bfc062723c751e8b465ee728b)  -> (artifact id: 'c13c9d2088f66402d8c12f384845fedd') in 0.021033 seconds 
========================================================================
Received Import Request.
  Time since last request: 0.000463 seconds.
  path: Assets/DreamForestTree/Textures/Ground/Rock Grs 2 N.psd
  artifactKey: Guid(9dde4df865d6a5246ba519fc75deee2c) Importer(815301076,1909f56bfc062723c751e8b465ee728b)
Start importing Assets/DreamForestTree/Textures/Ground/Rock Grs 2 N.psd using Guid(9dde4df865d6a5246ba519fc75deee2c) Importer(815301076,1909f56bfc062723c751e8b465ee728b)  -> (artifact id: '89e8dee71587f0c8695faf77c0930ee3') in 0.023223 seconds 
========================================================================
Received Import Request.
  Time since last request: 0.000461 seconds.
  path: Packages/com.unity.collab-proxy/Editor/Collaborate/Assets/Icons/collaborate-progress-dark@2x.png
  artifactKey: Guid(116a8defb66aa304d97c1fd15f044486) Importer(815301076,1909f56bfc062723c751e8b465ee728b)
Start importing Packages/com.unity.collab-proxy/Editor/Collaborate/Assets/Icons/collaborate-progress-dark@2x.png using Guid(116a8defb66aa304d97c1fd15f044486) Importer(815301076,1909f56bfc062723c751e8b465ee728b)  -> (artifact id: '34b2ee61816d3888f0c29b8500e0880c') in 0.034681 seconds 
========================================================================
Received Import Request.
  Time since last request: 0.000217 seconds.
  path: Packages/com.unity.collab-proxy/Editor/PlasticSCM/Assets/Images/iconemptygravatar@2x.png
  artifactKey: Guid(da545229eea36164d8b8cba2f75a1143) Importer(815301076,1909f56bfc062723c751e8b465ee728b)
Start importing Packages/com.unity.collab-proxy/Editor/PlasticSCM/Assets/Images/iconemptygravatar@2x.png using Guid(da545229eea36164d8b8cba2f75a1143) Importer(815301076,1909f56bfc062723c751e8b465ee728b)  -> (artifact id: 'aaa41c6ca597a2eaa0c8a4c2c30d4698') in 0.045478 seconds 
========================================================================
Received Import Request.
  Time since last request: 0.947063 seconds.
  path: Packages/com.unity.timeline/Editor/StyleSheets/Images/DarkSkin/TimelineDisabledBackground.png
  artifactKey: Guid(412f73153f3a3c549b67b2a847741145) Importer(815301076,1909f56bfc062723c751e8b465ee728b)
Start importing Packages/com.unity.timeline/Editor/StyleSheets/Images/DarkSkin/TimelineDisabledBackground.png using Guid(412f73153f3a3c549b67b2a847741145) Importer(815301076,1909f56bfc062723c751e8b465ee728b)  -> (artifact id: '78c2867d3ac624d9ecaf1e09f2cc5c05') in 0.032666 seconds 
========================================================================
Received Import Request.
  Time since last request: 0.000414 seconds.
  path: Packages/com.unity.timeline/Editor/StyleSheets/Images/Shared/TimelineGroupBackground.png
  artifactKey: Guid(6ca5daa3415451940921fa7e2c3db9e8) Importer(815301076,1909f56bfc062723c751e8b465ee728b)
Start importing Packages/com.unity.timeline/Editor/StyleSheets/Images/Shared/TimelineGroupBackground.png using Guid(6ca5daa3415451940921fa7e2c3db9e8) Importer(815301076,1909f56bfc062723c751e8b465ee728b)  -> (artifact id: 'f4e59bd9a5f5331c35aa57605f8f31bb') in 0.041468 seconds 
========================================================================
Received Import Request.
  Time since last request: 0.000414 seconds.
  path: Packages/com.unity.timeline/Editor/StyleSheets/Images/LightSkin/TimelineDisabledBackground.png
  artifactKey: Guid(0304baf8d224f3e47b22d872c8dcd412) Importer(815301076,1909f56bfc062723c751e8b465ee728b)
Start importing Packages/com.unity.timeline/Editor/StyleSheets/Images/LightSkin/TimelineDisabledBackground.png using Guid(0304baf8d224f3e47b22d872c8dcd412) Importer(815301076,1909f56bfc062723c751e8b465ee728b)  -> (artifact id: 'd177f95beb95cf28cb93007cbb221bbc') in 0.037403 seconds 
========================================================================
Received Import Request.
  Time since last request: 14.771985 seconds.
  path: Assets/DreamForestTree/Materials/No Name.mat
  artifactKey: Guid(c70ace258a62a9f4d8cedc70d51484a0) Importer(815301076,1909f56bfc062723c751e8b465ee728b)
Start importing Assets/DreamForestTree/Materials/No Name.mat using Guid(c70ace258a62a9f4d8cedc70d51484a0) Importer(815301076,1909f56bfc062723c751e8b465ee728b)  -> (artifact id: '589c18ca27440a430de9218eb952ef1f') in 0.132397 seconds 
========================================================================
Received Import Request.
  Time since last request: 0.000402 seconds.
  path: Assets/DreamForestTree/Materials/terrain.mat
  artifactKey: Guid(e3694e4eb82c06d4b8309907deac269a) Importer(815301076,1909f56bfc062723c751e8b465ee728b)
Start importing Assets/DreamForestTree/Materials/terrain.mat using Guid(e3694e4eb82c06d4b8309907deac269a) Importer(815301076,1909f56bfc062723c751e8b465ee728b)  -> (artifact id: '0a7d20a3d54c90566fa70e4a515b0888') in 0.037230 seconds 
========================================================================
Received Import Request.
  Time since last request: 0.000429 seconds.
  path: Assets/DreamForestTree/Materials/water.mat
  artifactKey: Guid(5e990a13fe1bf22488921a73c2814e7d) Importer(815301076,1909f56bfc062723c751e8b465ee728b)
Start importing Assets/DreamForestTree/Materials/water.mat using Guid(5e990a13fe1bf22488921a73c2814e7d) Importer(815301076,1909f56bfc062723c751e8b465ee728b)  -> (artifact id: '751982e13325caeff43c5e96c7c25001') in 0.038919 seconds 
AssetImportWorkerClient::OnTransportError - code=2 error=End of file
